# JRE version: 7.0_11-b21
# Java VM: Java HotSpot(TM) 64-Bit Server VM (23.6-b04 mixed mode windows-amd64 compressed oops)
Heap
 PSYoungGen      total 60224K, used 14827K [0x00000000f5960000, 0x00000000fa510000, 0x0000000100000000)
  eden space 44480K, 23% used [0x00000000f5960000,0x00000000f63c0e58,0x00000000f84d0000)
  from space 15744K, 26% used [0x00000000f95b0000,0x00000000f99ca020,0x00000000fa510000)
  to   space 16512K, 0% used [0x00000000f84d0000,0x00000000f84d0000,0x00000000f94f0000)
 ParOldGen       total 130688K, used 23131K [0x00000000e0c00000, 0x00000000e8ba0000, 0x00000000f5960000)
  object space 130688K, 17% used [0x00000000e0c00000,0x00000000e2296c40,0x00000000e8ba0000)
 PSPermGen       total 27968K, used 27781K [0x00000000dba00000, 0x00000000dd550000, 0x00000000e0c00000)
  object space 27968K, 99% used [0x00000000dba00000,0x00000000dd521418,0x00000000dd550000)
GC Heap History (10 events):
Event: 102.048 GC heap before
{Heap before GC invocations=4 (full 0):
 PSYoungGen      total 57152K, used 57149K [0x00000000f5960000, 0x00000000f9920000, 0x0000000100000000)
  eden space 49024K, 100% used [0x00000000f5960000,0x00000000f8940000,0x00000000f8940000)
  from space 8128K, 99% used [0x00000000f8940000,0x00000000f912f498,0x00000000f9130000)
  to   space 8128K, 0% used [0x00000000f9130000,0x00000000f9130000,0x00000000f9920000)
 ParOldGen       total 130688K, used 12928K [0x00000000e0c00000, 0x00000000e8ba0000, 0x00000000f5960000)
  object space 130688K, 9% used [0x00000000e0c00000,0x00000000e18a0368,0x00000000e8ba0000)
 PSPermGen       total 27584K, used 27408K [0x00000000dba00000, 0x00000000dd4f0000, 0x00000000e0c00000)
  object space 27584K, 99% used [0x00000000dba00000,0x00000000dd4c4348,0x00000000dd4f0000)
Event: 102.060 GC heap after
Heap after GC invocations=4 (full 0):
 PSYoungGen      total 57152K, used 8109K [0x00000000f5960000, 0x00000000f9920000, 0x0000000100000000)
  eden space 49024K, 0% used [0x00000000f5960000,0x00000000f5960000,0x00000000f8940000)
  from space 8128K, 99% used [0x00000000f9130000,0x00000000f991b488,0x00000000f9920000)
  to   space 8128K, 0% used [0x00000000f8940000,0x00000000f8940000,0x00000000f9130000)
 ParOldGen       total 130688K, used 13892K [0x00000000e0c00000, 0x00000000e8ba0000, 0x00000000f5960000)
  object space 130688K, 10% used [0x00000000e0c00000,0x00000000e1991198,0x00000000e8ba0000)
 PSPermGen       total 27584K, used 27408K [0x00000000dba00000, 0x00000000dd4f0000, 0x00000000e0c00000)
  object space 27584K, 99% used [0x00000000dba00000,0x00000000dd4c4348,0x00000000dd4f0000)
}
Event: 480.810 GC heap before
{Heap before GC invocations=5 (full 0):
 PSYoungGen      total 57152K, used 57133K [0x00000000f5960000, 0x00000000f9920000, 0x0000000100000000)
  eden space 49024K, 100% used [0x00000000f5960000,0x00000000f8940000,0x00000000f8940000)
  from space 8128K, 99% used [0x00000000f9130000,0x00000000f991b488,0x00000000f9920000)
  to   space 8128K, 0% used [0x00000000f8940000,0x00000000f8940000,0x00000000f9130000)
 ParOldGen       total 130688K, used 13892K [0x00000000e0c00000, 0x00000000e8ba0000, 0x00000000f5960000)
  object space 130688K, 10% used [0x00000000e0c00000,0x00000000e1991198,0x00000000e8ba0000)
 PSPermGen       total 27584K, used 27530K [0x00000000dba00000, 0x00000000dd4f0000, 0x00000000e0c00000)
  object space 27584K, 99% used [0x00000000dba00000,0x00000000dd4e2aa8,0x00000000dd4f0000)
Event: 480.821 GC heap after
Heap after GC invocations=5 (full 0):
 PSYoungGen      total 55936K, used 8106K [0x00000000f5960000, 0x00000000fa590000, 0x0000000100000000)
  eden space 47808K, 0% used [0x00000000f5960000,0x00000000f5960000,0x00000000f8810000)
  from space 8128K, 99% used [0x00000000f8940000,0x00000000f912a950,0x00000000f9130000)
  to   space 15104K, 0% used [0x00000000f96d0000,0x00000000f96d0000,0x00000000fa590000)
 ParOldGen       total 130688K, used 15032K [0x00000000e0c00000, 0x00000000e8ba0000, 0x00000000f5960000)
  object space 130688K, 11% used [0x00000000e0c00000,0x00000000e1aae378,0x00000000e8ba0000)
 PSPermGen       total 27584K, used 27530K [0x00000000dba00000, 0x00000000dd4f0000, 0x00000000e0c00000)
  object space 27584K, 99% used [0x00000000dba00000,0x00000000dd4e2aa8,0x00000000dd4f0000)
}
Event: 1145.260 GC heap before
{Heap before GC invocations=6 (full 0):
 PSYoungGen      total 55936K, used 55914K [0x00000000f5960000, 0x00000000fa590000, 0x0000000100000000)
  eden space 47808K, 100% used [0x00000000f5960000,0x00000000f8810000,0x00000000f8810000)
  from space 8128K, 99% used [0x00000000f8940000,0x00000000f912a950,0x00000000f9130000)
  to   space 15104K, 0% used [0x00000000f96d0000,0x00000000f96d0000,0x00000000fa590000)
 ParOldGen       total 130688K, used 15032K [0x00000000e0c00000, 0x00000000e8ba0000, 0x00000000f5960000)
  object space 130688K, 11% used [0x00000000e0c00000,0x00000000e1aae378,0x00000000e8ba0000)
 PSPermGen       total 27776K, used 27631K [0x00000000dba00000, 0x00000000dd520000, 0x00000000e0c00000)
  object space 27776K, 99% used [0x00000000dba00000,0x00000000dd4fbe00,0x00000000dd520000)
Event: 1145.291 GC heap after
Heap after GC invocations=6 (full 0):
 PSYoungGen      total 60224K, used 9290K [0x00000000f5960000, 0x00000000fa410000, 0x0000000100000000)
  eden space 46656K, 0% used [0x00000000f5960000,0x00000000f5960000,0x00000000f86f0000)
  from space 13568K, 68% used [0x00000000f96d0000,0x00000000f9fe2930,0x00000000fa410000)
  to   space 14912K, 0% used [0x00000000f86f0000,0x00000000f86f0000,0x00000000f9580000)
 ParOldGen       total 130688K, used 15032K [0x00000000e0c00000, 0x00000000e8ba0000, 0x00000000f5960000)
  object space 130688K, 11% used [0x00000000e0c00000,0x00000000e1aae378,0x00000000e8ba0000)
 PSPermGen       total 27776K, used 27631K [0x00000000dba00000, 0x00000000dd520000, 0x00000000e0c00000)
  object space 27776K, 99% used [0x00000000dba00000,0x00000000dd4fbe00,0x00000000dd520000)
}
Event: 3286.360 GC heap before
{Heap before GC invocations=7 (full 0):
 PSYoungGen      total 60224K, used 55566K [0x00000000f5960000, 0x00000000fa410000, 0x0000000100000000)
  eden space 46656K, 99% used [0x00000000f5960000,0x00000000f8691230,0x00000000f86f0000)
  from space 13568K, 68% used [0x00000000f96d0000,0x00000000f9fe2930,0x00000000fa410000)
  to   space 14912K, 0% used [0x00000000f86f0000,0x00000000f86f0000,0x00000000f9580000)
 ParOldGen       total 130688K, used 15032K [0x00000000e0c00000, 0x00000000e8ba0000, 0x00000000f5960000)
  object space 130688K, 11% used [0x00000000e0c00000,0x00000000e1aae378,0x00000000e8ba0000)
 PSPermGen       total 27776K, used 27702K [0x00000000dba00000, 0x00000000dd520000, 0x00000000e0c00000)
  object space 27776K, 99% used [0x00000000dba00000,0x00000000dd50db60,0x00000000dd520000)
Event: 3286.376 GC heap after
Heap after GC invocations=7 (full 0):
 PSYoungGen      total 60480K, used 2520K [0x00000000f5960000, 0x00000000fa580000, 0x0000000100000000)
  eden space 45568K, 0% used [0x00000000f5960000,0x00000000f5960000,0x00000000f85e0000)
  from space 14912K, 16% used [0x00000000f86f0000,0x00000000f8966010,0x00000000f9580000)
  to   space 16192K, 0% used [0x00000000f95b0000,0x00000000f95b0000,0x00000000fa580000)
 ParOldGen       total 130688K, used 22561K [0x00000000e0c00000, 0x00000000e8ba0000, 0x00000000f5960000)
  object space 130688K, 17% used [0x00000000e0c00000,0x00000000e2208758,0x00000000e8ba0000)
 PSPermGen       total 27776K, used 27702K [0x00000000dba00000, 0x00000000dd520000, 0x00000000e0c00000)
  object space 27776K, 99% used [0x00000000dba00000,0x00000000dd50db60,0x00000000dd520000)
}
Event: 3321.641 GC heap before
{Heap before GC invocations=8 (full 0):
 PSYoungGen      total 60480K, used 47497K [0x00000000f5960000, 0x00000000fa580000, 0x0000000100000000)
  eden space 45568K, 98% used [0x00000000f5960000,0x00000000f854c488,0x00000000f85e0000)
  from space 14912K, 16% used [0x00000000f86f0000,0x00000000f8966010,0x00000000f9580000)
  to   space 16192K, 0% used [0x00000000f95b0000,0x00000000f95b0000,0x00000000fa580000)
 ParOldGen       total 130688K, used 22561K [0x00000000e0c00000, 0x00000000e8ba0000, 0x00000000f5960000)
  object space 130688K, 17% used [0x00000000e0c00000,0x00000000e2208758,0x00000000e8ba0000)
 PSPermGen       total 27968K, used 27779K [0x00000000dba00000, 0x00000000dd550000, 0x00000000e0c00000)
  object space 27968K, 99% used [0x00000000dba00000,0x00000000dd520de0,0x00000000dd550000)
Event: 3321.644 GC heap after
Heap after GC invocations=8 (full 0):
 PSYoungGen      total 60224K, used 4200K [0x00000000f5960000, 0x00000000fa510000, 0x0000000100000000)
  eden space 44480K, 0% used [0x00000000f5960000,0x00000000f5960000,0x00000000f84d0000)
  from space 15744K, 26% used [0x00000000f95b0000,0x00000000f99ca020,0x00000000fa510000)
  to   space 16512K, 0% used [0x00000000f84d0000,0x00000000f84d0000,0x00000000f94f0000)
 ParOldGen       total 130688K, used 23131K [0x00000000e0c00000, 0x00000000e8ba0000, 0x00000000f5960000)
  object space 130688K, 17% used [0x00000000e0c00000,0x00000000e2296c40,0x00000000e8ba0000)
 PSPermGen       total 27968K, used 27779K [0x00000000dba00000, 0x00000000dd550000, 0x00000000e0c00000)
  object space 27968K, 99% used [0x00000000dba00000,0x00000000dd520de0,0x00000000dd550000)
}

